<?xml version="1.0" encoding="UTF-8"?>
<!-- Generated by org.testng.reporters.JUnitReportReporter -->
<testsuite skipped="0" hostname="LAPTOP-D0CIFDTL" name="readBarCode.AutomateBarCode" tests="1" failures="0" timestamp="2022-10-23T09:38:52 IST" time="13.759" errors="0">
  <testcase name="barCode" time="13.759" classname="readBarCode.AutomateBarCode"/>
  <system-out/>
</testsuite> <!-- readBarCode.AutomateBarCode -->
