<?xml version="1.0" encoding="UTF-8"?>
<!-- Generated by org.testng.reporters.JUnitReportReporter -->
<testsuite skipped="0" hostname="LAPTOP-D0CIFDTL" name="readQRCode.AutomateQRCode" tests="1" failures="0" timestamp="2022-10-23T09:40:29 IST" time="17.192" errors="0">
  <testcase name="barCode" time="17.192" classname="readQRCode.AutomateQRCode"/>
  <system-out/>
</testsuite> <!-- readQRCode.AutomateQRCode -->
